TRAIN: 70856 samples
TRAIN: 23625 words
VALID: 8857 samples
VALID: 5058 words
TEST: 8857 samples
TEST: 5081 words
Inited weights...
learning rate range test...
learning rate = 0.636524
-------------------------------------------------
epoch: 0, learning rate: 0.64
|	 33221	|	 11963	|	
|	 18347	|	  7325	|	
best_acc: 57.22, acc: 57.22, mae: 0.457836
|	  4196	|	  1534	|	
|	  2209	|	   918	|	
Saving weights...
best_vacc: 57.74, vacc: 57.74, mae: 0.454686
|	  4311	|	  1460	|	
|	  2158	|	   928	|	
best_tacc: 59.15, tacc: 59.15, mae: 0.448183
-------------------------------------------------
epoch: 20, learning rate: 0.64
|	 39473	|	  5711	|	
|	 10442	|	 15230	|	
best_acc: 77.20, acc: 77.20, mae: 0.342027
|	  4989	|	   741	|	
|	  1305	|	  1822	|	
Saving weights...
best_vacc: 76.90, vacc: 76.90, mae: 0.343690
|	  5028	|	   743	|	
|	  1379	|	  1707	|	
best_tacc: 76.04, tacc: 76.04, mae: 0.347449
-------------------------------------------------
epoch: 40, learning rate: 0.64
|	 40444	|	  4740	|	
|	  9683	|	 15989	|	
best_acc: 79.64, acc: 79.64, mae: 0.307894
|	  5098	|	   632	|	
|	  1237	|	  1890	|	
Saving weights...
best_vacc: 78.90, vacc: 78.90, mae: 0.313025
|	  5094	|	   677	|	
|	  1266	|	  1820	|	
best_tacc: 78.06, tacc: 78.06, mae: 0.316725
-------------------------------------------------
epoch: 60, learning rate: 0.64
|	 40697	|	  4487	|	
|	  9107	|	 16565	|	
best_acc: 80.81, acc: 80.81, mae: 0.291633
|	  5091	|	   639	|	
|	  1172	|	  1955	|	
Saving weights...
best_vacc: 79.55, vacc: 79.55, mae: 0.300189
|	  5139	|	   632	|	
|	  1230	|	  1856	|	
best_tacc: 78.98, tacc: 78.98, mae: 0.302159
-------------------------------------------------
epoch: 80, learning rate: 0.64
|	 41494	|	  3690	|	
|	  9169	|	 16503	|	
best_acc: 81.85, acc: 81.85, mae: 0.278198
|	  5166	|	   564	|	
|	  1201	|	  1926	|	
Saving weights...
best_vacc: 80.07, vacc: 80.07, mae: 0.288970
|	  5213	|	   558	|	
|	  1241	|	  1845	|	
best_tacc: 79.69, tacc: 79.69, mae: 0.290139
-------------------------------------------------
epoch: 100, learning rate: 0.57
|	 41714	|	  3470	|	
|	  8859	|	 16813	|	
best_acc: 82.60, acc: 82.60, mae: 0.266951
|	  5167	|	   563	|	
|	  1183	|	  1944	|	
Saving weights...
best_vacc: 80.29, vacc: 80.29, mae: 0.280689
|	  5229	|	   542	|	
|	  1204	|	  1882	|	
best_tacc: 80.29, tacc: 80.29, mae: 0.281397
-------------------------------------------------
epoch: 120, learning rate: 0.57
|	 41765	|	  3419	|	
|	  8501	|	 17171	|	
best_acc: 83.18, acc: 83.18, mae: 0.258769
|	  5171	|	   559	|	
|	  1156	|	  1971	|	
Saving weights...
best_vacc: 80.64, vacc: 80.64, mae: 0.274853
|	  5235	|	   536	|	
|	  1183	|	  1903	|	
best_tacc: 80.59, tacc: 80.59, mae: 0.275760
-------------------------------------------------
epoch: 140, learning rate: 0.57
|	 41494	|	  3690	|	
|	  7881	|	 17791	|	
best_acc: 83.67, acc: 83.67, mae: 0.253105
|	  5104	|	   626	|	
|	  1087	|	  2040	|	
Saving weights...
best_vacc: 80.66, vacc: 80.66, mae: 0.271891
|	  5187	|	   584	|	
|	  1126	|	  1960	|	
best_tacc: 80.69, tacc: 80.69, mae: 0.272992
-------------------------------------------------
epoch: 160, learning rate: 0.57
|	 41742	|	  3442	|	
|	  7750	|	 17922	|	
best_acc: 84.20, acc: 84.20, mae: 0.245962
|	  5138	|	   592	|	
|	  1089	|	  2038	|	
Saving weights...
best_vacc: 81.02, vacc: 81.02, mae: 0.266657
|	  5205	|	   566	|	
|	  1126	|	  1960	|	
best_tacc: 80.90, tacc: 80.90, mae: 0.268132
-------------------------------------------------
epoch: 180, learning rate: 0.57
|	 42089	|	  3095	|	
|	  7796	|	 17876	|	
best_acc: 84.63, acc: 84.63, mae: 0.239639
|	  5162	|	   568	|	
|	  1105	|	  2022	|	
Saving weights...
best_vacc: 81.11, vacc: 81.11, mae: 0.262043
|	  5213	|	   558	|	
|	  1137	|	  1949	|	
best_tacc: 80.90, tacc: 80.86, mae: 0.263750
-------------------------------------------------
epoch: 200, learning rate: 0.52
|	 41966	|	  3218	|	
|	  7425	|	 18247	|	
best_acc: 84.98, acc: 84.98, mae: 0.234518
|	  5147	|	   583	|	
|	  1065	|	  2062	|	
Saving weights...
best_vacc: 81.39, vacc: 81.39, mae: 0.259537
|	  5193	|	   578	|	
|	  1101	|	  1985	|	
best_tacc: 81.04, tacc: 81.04, mae: 0.261218
-------------------------------------------------
epoch: 220, learning rate: 0.52
|	 42074	|	  3110	|	
|	  7288	|	 18384	|	
best_acc: 85.33, acc: 85.33, mae: 0.230108
|	  5146	|	   584	|	
|	  1074	|	  2053	|	
best_vacc: 81.39, vacc: 81.28, mae: 0.256520
|	  5186	|	   585	|	
|	  1103	|	  1983	|	
best_tacc: 81.04, tacc: 80.94, mae: 0.258542
-------------------------------------------------
epoch: 240, learning rate: 0.52
|	 42249	|	  2935	|	
|	  7247	|	 18425	|	
best_acc: 85.63, acc: 85.63, mae: 0.225186
|	  5169	|	   561	|	
|	  1080	|	  2047	|	
Saving weights...
best_vacc: 81.47, vacc: 81.47, mae: 0.253377
|	  5215	|	   556	|	
|	  1114	|	  1972	|	
best_tacc: 81.14, tacc: 81.14, mae: 0.255489
-------------------------------------------------
epoch: 260, learning rate: 0.52
|	 42032	|	  3152	|	
|	  6813	|	 18859	|	
best_acc: 85.94, acc: 85.94, mae: 0.221721
|	  5123	|	   607	|	
|	  1045	|	  2082	|	
best_vacc: 81.47, vacc: 81.35, mae: 0.252425
|	  5176	|	   595	|	
|	  1083	|	  2003	|	
best_tacc: 81.14, tacc: 81.05, mae: 0.254664
-------------------------------------------------
epoch: 280, learning rate: 0.52
|	 42251	|	  2933	|	
|	  6816	|	 18856	|	
best_acc: 86.24, acc: 86.24, mae: 0.216891
|	  5137	|	   593	|	
|	  1055	|	  2072	|	
best_vacc: 81.47, vacc: 81.39, mae: 0.249448
|	  5179	|	   592	|	
|	  1095	|	  1991	|	
best_tacc: 81.14, tacc: 80.95, mae: 0.252010
-------------------------------------------------
epoch: 300, learning rate: 0.46
|	 42081	|	  3103	|	
|	  6431	|	 19241	|	
best_acc: 86.54, acc: 86.54, mae: 0.213321
|	  5089	|	   641	|	
|	  1021	|	  2106	|	
best_vacc: 81.47, vacc: 81.24, mae: 0.248408
|	  5137	|	   634	|	
|	  1060	|	  2026	|	
best_tacc: 81.14, tacc: 80.87, mae: 0.250812
-------------------------------------------------
epoch: 320, learning rate: 0.46
|	 42613	|	  2571	|	
|	  6872	|	 18800	|	
best_acc: 86.67, acc: 86.67, mae: 0.209340
|	  5173	|	   557	|	
|	  1085	|	  2042	|	
best_vacc: 81.47, vacc: 81.46, mae: 0.244909
|	  5208	|	   563	|	
|	  1112	|	  1974	|	
best_tacc: 81.14, tacc: 81.09, mae: 0.247853
-------------------------------------------------
epoch: 340, learning rate: 0.46
|	 41838	|	  3346	|	
|	  5891	|	 19781	|	
best_acc: 86.96, acc: 86.96, mae: 0.207251
|	  5039	|	   691	|	
|	   979	|	  2148	|	
best_vacc: 81.47, vacc: 81.14, mae: 0.246671
|	  5215	|	   556	|	
|	  1114	|	  1972	|	
best_tacc: 81.14, tacc: 81.14, mae: 0.255489
-------------------------------------------------
GRACE 1!!!!
epoch: 360, learning rate: 0.42
|	 42244	|	  2940	|	
|	  7031	|	 18641	|	
best_acc: 86.96, acc: 85.93, mae: 0.221623
|	  5145	|	   585	|	
|	  1066	|	  2061	|	
best_vacc: 81.47, vacc: 81.36, mae: 0.251629
|	  5215	|	   556	|	
|	  1114	|	  1972	|	
best_tacc: 81.14, tacc: 81.14, mae: 0.255489
-------------------------------------------------
GRACE 2!!!!
epoch: 380, learning rate: 0.38
|	 42128	|	  3056	|	
|	  6974	|	 18698	|	
best_acc: 86.96, acc: 85.84, mae: 0.222249
|	  5132	|	   598	|	
|	  1049	|	  2078	|	
best_vacc: 81.47, vacc: 81.40, mae: 0.252228
|	  5215	|	   556	|	
|	  1114	|	  1972	|	
best_tacc: 81.14, tacc: 81.14, mae: 0.255489
-------------------------------------------------
GRACE 3!!!!
epoch: 400, learning rate: 0.30
|	 42050	|	  3134	|	
|	  6865	|	 18807	|	
best_acc: 86.96, acc: 85.89, mae: 0.222930
|	  5118	|	   612	|	
|	  1040	|	  2087	|	
best_vacc: 81.47, vacc: 81.35, mae: 0.253040
|	  5215	|	   556	|	
|	  1114	|	  1972	|	
best_tacc: 81.14, tacc: 81.14, mae: 0.255489
-------------------------------------------------
GRACE 4!!!!
epoch: 420, learning rate: 0.27
|	 42017	|	  3167	|	
|	  6881	|	 18791	|	
best_acc: 86.96, acc: 85.82, mae: 0.223287
|	  5125	|	   605	|	
|	  1038	|	  2089	|	
best_vacc: 81.47, vacc: 81.45, mae: 0.253007
|	  5215	|	   556	|	
|	  1114	|	  1972	|	
best_tacc: 81.14, tacc: 81.14, mae: 0.255489
-------------------------------------------------
GRACE 5!!!!
epoch: 440, learning rate: 0.25
|	 41942	|	  3242	|	
|	  6823	|	 18849	|	
best_acc: 86.96, acc: 85.80, mae: 0.223845
|	  5113	|	   617	|	
|	  1030	|	  2097	|	
best_vacc: 81.47, vacc: 81.40, mae: 0.253429
|	  5215	|	   556	|	
|	  1114	|	  1972	|	
best_tacc: 81.14, tacc: 81.14, mae: 0.255489
==========================================
|	 42249	|	  2935	|	
|	  7247	|	 18425	|	
best_acc: 86.96, acc: 85.63, mae: 0.225186
|	  5169	|	   561	|	
|	  1080	|	  2047	|	
best_vacc: 81.47, vacc: 81.47, mae: 0.253377
|	  5215	|	   556	|	
|	  1114	|	  1972	|	
best_tacc: 81.14, tacc: 81.14, mae: 0.255489
